app/build/intermediates/manifest_merge_blame_file/debug/manifest-merger-blame-debug-report.txt
1<?xml version="1.0" encoding="utf-8"?>
2<manifest xmlns:android="http://schemas.android.com/apk/res/android"
3    package="apt7.com.demo"
4    android:versionCode="1"
5    android:versionName="1.0" >
6
7    <uses-sdk
8        android:minSdkVersion="20"
8-->src\main\AndroidManifest.xml
9        android:targetSdkVersion="28" />
9-->src\main\AndroidManifest.xml
10
11    <uses-permission android:name="android.permission.INTERNET" />
11-->src\main\AndroidManifest.xml:4:5-67
11-->src\main\AndroidManifest.xml:4:22-64
12    <uses-permission android:name="android.permission.ACCESS_NETWORK_STATE" />
12-->src\main\AndroidManifest.xml:5:5-79
12-->src\main\AndroidManifest.xml:5:22-76
13
14    <application
14-->src\main\AndroidManifest.xml:6:5-26:19
15        android:allowBackup="true"
15-->src\main\AndroidManifest.xml:7:9-35
16        android:appComponentFactory="androidx.core.app.CoreComponentFactory"
16-->[androidx.core:core:1.1.0] AndroidManifest.xml:24:18-86
17        android:debuggable="true"
18        android:icon="@mipmap/ic_launcher"
18-->src\main\AndroidManifest.xml:8:9-43
19        android:label="@string/app_name"
19-->src\main\AndroidManifest.xml:9:9-41
20        android:testOnly="true"
21        android:theme="@style/AppTheme" >
21-->src\main\AndroidManifest.xml:10:9-40
22        <activity
22-->src\main\AndroidManifest.xml:11:9-20:20
23            android:name="apt7.com.demo.MainActivity"
23-->src\main\AndroidManifest.xml:12:13-41
24            android:label="@string/app_name"
24-->src\main\AndroidManifest.xml:14:13-45
25            android:screenOrientation="sensorPortrait" >
25-->src\main\AndroidManifest.xml:13:13-55
26            <intent-filter>
26-->src\main\AndroidManifest.xml:15:13-19:29
27                <action android:name="android.intent.action.MAIN" />
27-->src\main\AndroidManifest.xml:16:17-69
27-->src\main\AndroidManifest.xml:16:25-66
28
29                <category android:name="android.intent.category.LAUNCHER" />
29-->src\main\AndroidManifest.xml:18:17-77
29-->src\main\AndroidManifest.xml:18:27-74
30            </intent-filter>
31        </activity>
32        <activity
32-->src\main\AndroidManifest.xml:21:9-25:20
33            android:name="apt7.com.demo.SettingsActivity"
33-->src\main\AndroidManifest.xml:22:13-45
34            android:label="@string/title_activity_settings"
34-->src\main\AndroidManifest.xml:24:13-60
35            android:screenOrientation="sensorPortrait" >
35-->src\main\AndroidManifest.xml:23:13-55
36        </activity>
37    </application>
38
39</manifest>